INFO [2019-08-12 12:11:22] Starting tca...
INFO [2019-08-12 12:11:22] Validating input...
INFO [2019-08-12 12:11:22] Fitting the TCA model...
INFO [2019-08-12 12:11:22] Fitting means and variances...
INFO [2019-08-12 12:11:23] Iteration 1 out of 10 internal iterations...
INFO [2019-08-12 12:13:56] Starting tca...
INFO [2019-08-12 12:13:56] Validating input...
INFO [2019-08-12 12:13:56] Fitting the TCA model...
INFO [2019-08-12 12:13:56] Fitting means and variances...
INFO [2019-08-12 12:13:56] Iteration 1 out of 10 internal iterations...
INFO [2019-08-12 12:14:28] Starting tca...
INFO [2019-08-12 12:14:28] Validating input...
INFO [2019-08-12 12:14:28] Fitting the TCA model...
INFO [2019-08-12 12:14:28] Fitting means and variances...
INFO [2019-08-12 12:14:28] Iteration 1 out of 10 internal iterations...
INFO [2019-08-12 12:16:29] Starting tca...
INFO [2019-08-12 12:16:29] Validating input...
INFO [2019-08-12 12:16:29] Fitting the TCA model...
INFO [2019-08-12 12:16:29] Fitting means and variances...
INFO [2019-08-12 12:16:29] Iteration 1 out of 10 internal iterations...
INFO [2019-08-12 12:16:34] Iteration 2 out of 10 internal iterations...
INFO [2019-08-12 12:16:39] Iteration 3 out of 10 internal iterations...
INFO [2019-08-12 12:16:43] Iteration 4 out of 10 internal iterations...
INFO [2019-08-12 12:16:48] Iteration 5 out of 10 internal iterations...
INFO [2019-08-12 12:16:52] Internal loop converged.
INFO [2019-08-12 12:16:52] Finished tca.
INFO [2019-08-12 12:16:59] Starting tca...
INFO [2019-08-12 12:16:59] Validating input...
INFO [2019-08-12 12:16:59] Fitting the TCA model...
INFO [2019-08-12 12:16:59] Fitting means and variances...
INFO [2019-08-12 12:16:59] Iteration 1 out of 10 internal iterations...
INFO [2019-08-12 12:17:04] Iteration 2 out of 10 internal iterations...
INFO [2019-08-12 12:17:08] Iteration 3 out of 10 internal iterations...
INFO [2019-08-12 12:17:13] Iteration 4 out of 10 internal iterations...
INFO [2019-08-12 12:17:17] Iteration 5 out of 10 internal iterations...
INFO [2019-08-12 12:17:21] Internal loop converged.
INFO [2019-08-12 12:17:21] Finished tca.
INFO [2019-08-12 12:22:23] Starting tca...
INFO [2019-08-12 12:22:23] Validating input...
DEBUG [2019-08-12 12:22:23] Validating input types...
DEBUG [2019-08-12 12:22:23] Validating input stucture and values...
DEBUG [2019-08-12 12:22:23] Validating input conditions...
DEBUG [2019-08-12 12:22:23] Validating matrix dimensions...
DEBUG [2019-08-12 12:22:23] Validating the order of observations across matrices...
DEBUG [2019-08-12 12:22:23] Validating that W is non-negative and each row sums up to 1...
INFO [2019-08-12 12:22:23] Fitting the TCA model...
DEBUG [2019-08-12 12:22:23] Starting function 'tca.fit'...
INFO [2019-08-12 12:22:23] Fitting means and variances...
DEBUG [2019-08-12 12:22:23] Starting function 'tca.fit_means_vars'...
INFO [2019-08-12 12:22:23] Iteration 1 out of 10 internal iterations...
DEBUG [2019-08-12 12:22:23] Calculate W_norms and related quantities
DEBUG [2019-08-12 12:22:23] Estimate mus, deltas, gammas.
DEBUG [2019-08-12 12:22:27] Get initial estimates of sigmas
DEBUG [2019-08-12 12:22:27] Estimate sigmas.
DEBUG [2019-08-12 12:22:27] Estimate tau.
DEBUG [2019-08-12 12:22:27] Test for convergence.
DEBUG [2019-08-12 12:22:28] ll_new=-2671.36561199755, ll_prev=-Inf, ll_diff=Inf, diff_threshold=2.67136561199755
INFO [2019-08-12 12:22:28] Iteration 2 out of 10 internal iterations...
DEBUG [2019-08-12 12:22:28] Calculate W_norms and related quantities
DEBUG [2019-08-12 12:22:28] Calculate W_norms
DEBUG [2019-08-12 12:22:28] Estimate mus, deltas, gammas.
DEBUG [2019-08-12 12:22:32] Estimate sigmas.
DEBUG [2019-08-12 12:22:32] Estimate tau.
DEBUG [2019-08-12 12:22:32] Test for convergence.
DEBUG [2019-08-12 12:22:32] ll_new=-1067.66508014885, ll_prev=-2671.36561199755, ll_diff=1603.7005318487, diff_threshold=1.06766508014885
INFO [2019-08-12 12:22:32] Iteration 3 out of 10 internal iterations...
DEBUG [2019-08-12 12:22:32] Calculate W_norms and related quantities
DEBUG [2019-08-12 12:22:32] Calculate W_norms
DEBUG [2019-08-12 12:22:32] Estimate mus, deltas, gammas.
DEBUG [2019-08-12 12:22:37] Estimate sigmas.
DEBUG [2019-08-12 12:22:37] Estimate tau.
DEBUG [2019-08-12 12:22:37] Test for convergence.
DEBUG [2019-08-12 12:22:37] ll_new=96.9320717128045, ll_prev=-1067.66508014885, ll_diff=1164.59715186166, diff_threshold=0.0969320717128045
INFO [2019-08-12 12:22:37] Iteration 4 out of 10 internal iterations...
DEBUG [2019-08-12 12:22:37] Calculate W_norms and related quantities
DEBUG [2019-08-12 12:22:37] Calculate W_norms
DEBUG [2019-08-12 12:22:37] Estimate mus, deltas, gammas.
DEBUG [2019-08-12 12:22:42] Estimate sigmas.
DEBUG [2019-08-12 12:22:42] Estimate tau.
DEBUG [2019-08-12 12:22:42] Test for convergence.
DEBUG [2019-08-12 12:22:42] ll_new=190.828955436371, ll_prev=96.9320717128045, ll_diff=93.896883723566, diff_threshold=0.190828955436371
INFO [2019-08-12 12:22:42] Iteration 5 out of 10 internal iterations...
DEBUG [2019-08-12 12:22:42] Calculate W_norms and related quantities
DEBUG [2019-08-12 12:22:42] Calculate W_norms
DEBUG [2019-08-12 12:22:42] Estimate mus, deltas, gammas.
DEBUG [2019-08-12 12:22:46] Estimate sigmas.
DEBUG [2019-08-12 12:22:47] Estimate tau.
DEBUG [2019-08-12 12:22:47] Test for convergence.
DEBUG [2019-08-12 12:22:47] ll_new=190.838883365242, ll_prev=190.828955436371, ll_diff=0.00992792887154792, diff_threshold=0.190838883365242
INFO [2019-08-12 12:22:47] Internal loop converged.
DEBUG [2019-08-12 12:22:47] break
INFO [2019-08-12 12:22:47] Finished tca.
INFO [2019-08-12 12:22:56] Starting tca...
INFO [2019-08-12 12:22:56] Validating input...
DEBUG [2019-08-12 12:22:56] Validating input types...
DEBUG [2019-08-12 12:22:56] Validating input stucture and values...
DEBUG [2019-08-12 12:22:56] Validating input conditions...
DEBUG [2019-08-12 12:22:56] Validating matrix dimensions...
DEBUG [2019-08-12 12:22:56] Validating the order of observations across matrices...
DEBUG [2019-08-12 12:22:56] Validating that W is non-negative and each row sums up to 1...
INFO [2019-08-12 12:22:56] Fitting the TCA model...
DEBUG [2019-08-12 12:22:56] Starting function 'tca.fit'...
INFO [2019-08-12 12:22:56] Fitting means and variances...
DEBUG [2019-08-12 12:22:56] Starting function 'tca.fit_means_vars'...
INFO [2019-08-12 12:22:57] Iteration 1 out of 10 internal iterations...
DEBUG [2019-08-12 12:22:57] Calculate W_norms and related quantities
DEBUG [2019-08-12 12:22:57] Estimate mus, deltas, gammas.
INFO [2019-08-12 12:24:15] Starting tca...
INFO [2019-08-12 12:24:15] Validating input...
DEBUG [2019-08-12 12:24:15] Validating input types...
DEBUG [2019-08-12 12:24:15] Validating input stucture and values...
DEBUG [2019-08-12 12:24:15] Validating input conditions...
DEBUG [2019-08-12 12:24:15] Validating matrix dimensions...
DEBUG [2019-08-12 12:24:15] Validating the order of observations across matrices...
DEBUG [2019-08-12 12:24:15] Validating that W is non-negative and each row sums up to 1...
INFO [2019-08-12 12:24:15] Fitting the TCA model...
DEBUG [2019-08-12 12:24:15] Starting function 'tca.fit'...
INFO [2019-08-12 12:24:15] Fitting means and variances...
DEBUG [2019-08-12 12:24:15] Starting function 'tca.fit_means_vars'...
INFO [2019-08-12 12:24:15] Iteration 1 out of 10 internal iterations...
DEBUG [2019-08-12 12:24:15] Calculate W_norms and related quantities
DEBUG [2019-08-12 12:24:15] Estimate mus, deltas, gammas.
DEBUG [2019-08-12 12:24:19] Get initial estimates of sigmas
DEBUG [2019-08-12 12:24:19] Estimate sigmas.
DEBUG [2019-08-12 12:24:19] Estimate tau.
DEBUG [2019-08-12 12:24:19] Test for convergence.
DEBUG [2019-08-12 12:24:19] ll_new=-2671.36561199755, ll_prev=-Inf, ll_diff=Inf, diff_threshold=2.67136561199755
INFO [2019-08-12 12:24:19] Iteration 2 out of 10 internal iterations...
DEBUG [2019-08-12 12:24:19] Calculate W_norms and related quantities
DEBUG [2019-08-12 12:24:19] Calculate W_norms
DEBUG [2019-08-12 12:24:19] Estimate mus, deltas, gammas.
DEBUG [2019-08-12 12:24:23] Estimate sigmas.
DEBUG [2019-08-12 12:24:24] Estimate tau.
DEBUG [2019-08-12 12:24:24] Test for convergence.
DEBUG [2019-08-12 12:24:24] ll_new=-1067.66508014885, ll_prev=-2671.36561199755, ll_diff=1603.7005318487, diff_threshold=1.06766508014885
INFO [2019-08-12 12:24:24] Iteration 3 out of 10 internal iterations...
DEBUG [2019-08-12 12:24:24] Calculate W_norms and related quantities
DEBUG [2019-08-12 12:24:24] Calculate W_norms
DEBUG [2019-08-12 12:24:24] Estimate mus, deltas, gammas.
DEBUG [2019-08-12 12:24:28] Estimate sigmas.
DEBUG [2019-08-12 12:24:28] Estimate tau.
DEBUG [2019-08-12 12:24:28] Test for convergence.
DEBUG [2019-08-12 12:24:28] ll_new=96.9320717128045, ll_prev=-1067.66508014885, ll_diff=1164.59715186166, diff_threshold=0.0969320717128045
INFO [2019-08-12 12:24:28] Iteration 4 out of 10 internal iterations...
DEBUG [2019-08-12 12:24:28] Calculate W_norms and related quantities
DEBUG [2019-08-12 12:24:28] Calculate W_norms
DEBUG [2019-08-12 12:24:28] Estimate mus, deltas, gammas.
DEBUG [2019-08-12 12:24:33] Estimate sigmas.
DEBUG [2019-08-12 12:24:33] Estimate tau.
DEBUG [2019-08-12 12:24:33] Test for convergence.
DEBUG [2019-08-12 12:24:33] ll_new=190.828955436371, ll_prev=96.9320717128045, ll_diff=93.896883723566, diff_threshold=0.190828955436371
INFO [2019-08-12 12:24:33] Iteration 5 out of 10 internal iterations...
DEBUG [2019-08-12 12:24:33] Calculate W_norms and related quantities
DEBUG [2019-08-12 12:24:33] Calculate W_norms
DEBUG [2019-08-12 12:24:33] Estimate mus, deltas, gammas.
DEBUG [2019-08-12 12:24:37] Estimate sigmas.
DEBUG [2019-08-12 12:24:37] Estimate tau.
DEBUG [2019-08-12 12:24:37] Test for convergence.
DEBUG [2019-08-12 12:24:37] ll_new=190.838883365242, ll_prev=190.828955436371, ll_diff=0.00992792887154792, diff_threshold=0.190838883365242
INFO [2019-08-12 12:24:37] Internal loop converged.
DEBUG [2019-08-12 12:24:37] break
INFO [2019-08-12 12:24:37] Finished tca.
INFO [2019-08-12 12:28:24] Starting tca...
INFO [2019-08-12 12:28:24] Validating input...
DEBUG [2019-08-12 12:28:24] Validating input types...
DEBUG [2019-08-12 12:28:24] Validating input stucture and values...
DEBUG [2019-08-12 12:28:24] Validating input conditions...
DEBUG [2019-08-12 12:28:24] Validating matrix dimensions...
DEBUG [2019-08-12 12:28:24] Validating the order of observations across matrices...
DEBUG [2019-08-12 12:28:24] Validating that W is non-negative and each row sums up to 1...
INFO [2019-08-12 12:28:24] Fitting the TCA model...
DEBUG [2019-08-12 12:28:24] Starting function 'tca.fit'...
INFO [2019-08-12 12:28:24] Fitting means and variances...
DEBUG [2019-08-12 12:28:24] Starting function 'tca.fit_means_vars'...
INFO [2019-08-12 12:28:24] Iteration 1 out of 10 internal iterations...
DEBUG [2019-08-12 12:28:24] Calculate W_norms and related quantities
DEBUG [2019-08-12 12:28:24] Estimate mus, deltas, gammas.
DEBUG [2019-08-12 12:28:24] Get initial estimates of sigmas
DEBUG [2019-08-12 12:28:24] Estimate sigmas.
DEBUG [2019-08-12 12:28:24] Estimate tau.
DEBUG [2019-08-12 12:28:24] Test for convergence.
DEBUG [2019-08-12 12:28:24] ll_new=47.5749309854477, ll_prev=-Inf, ll_diff=Inf, diff_threshold=0.0475749309854477
INFO [2019-08-12 12:28:24] Iteration 2 out of 10 internal iterations...
DEBUG [2019-08-12 12:28:24] Calculate W_norms and related quantities
DEBUG [2019-08-12 12:28:24] Calculate W_norms
DEBUG [2019-08-12 12:28:24] Estimate mus, deltas, gammas.
DEBUG [2019-08-12 12:28:25] Estimate sigmas.
DEBUG [2019-08-12 12:28:25] Estimate tau.
DEBUG [2019-08-12 12:28:25] Test for convergence.
DEBUG [2019-08-12 12:28:25] ll_new=132.617530437783, ll_prev=47.5749309854477, ll_diff=85.0425994523349, diff_threshold=0.132617530437783
INFO [2019-08-12 12:28:25] Iteration 3 out of 10 internal iterations...
DEBUG [2019-08-12 12:28:25] Calculate W_norms and related quantities
DEBUG [2019-08-12 12:28:25] Calculate W_norms
DEBUG [2019-08-12 12:28:25] Estimate mus, deltas, gammas.
DEBUG [2019-08-12 12:28:25] Estimate sigmas.
DEBUG [2019-08-12 12:28:26] Estimate tau.
DEBUG [2019-08-12 12:28:26] Test for convergence.
DEBUG [2019-08-12 12:28:26] ll_new=221.696092563637, ll_prev=132.617530437783, ll_diff=89.0785621258543, diff_threshold=0.221696092563637
INFO [2019-08-12 12:28:26] Iteration 4 out of 10 internal iterations...
DEBUG [2019-08-12 12:28:26] Calculate W_norms and related quantities
DEBUG [2019-08-12 12:28:26] Calculate W_norms
DEBUG [2019-08-12 12:28:26] Estimate mus, deltas, gammas.
DEBUG [2019-08-12 12:28:26] Estimate sigmas.
DEBUG [2019-08-12 12:28:26] Estimate tau.
DEBUG [2019-08-12 12:28:26] Test for convergence.
DEBUG [2019-08-12 12:28:26] ll_new=228.98073859225, ll_prev=221.696092563637, ll_diff=7.28464602861362, diff_threshold=0.22898073859225
INFO [2019-08-12 12:28:26] Iteration 5 out of 10 internal iterations...
DEBUG [2019-08-12 12:28:26] Calculate W_norms and related quantities
DEBUG [2019-08-12 12:28:26] Calculate W_norms
DEBUG [2019-08-12 12:28:26] Estimate mus, deltas, gammas.
DEBUG [2019-08-12 12:28:27] Estimate sigmas.
DEBUG [2019-08-12 12:28:27] Estimate tau.
DEBUG [2019-08-12 12:28:27] Test for convergence.
DEBUG [2019-08-12 12:28:27] ll_new=229.752776912113, ll_prev=228.98073859225, ll_diff=0.772038319862986, diff_threshold=0.229752776912113
INFO [2019-08-12 12:28:27] Iteration 6 out of 10 internal iterations...
DEBUG [2019-08-12 12:28:27] Calculate W_norms and related quantities
DEBUG [2019-08-12 12:28:27] Calculate W_norms
DEBUG [2019-08-12 12:28:27] Estimate mus, deltas, gammas.
DEBUG [2019-08-12 12:28:27] Estimate sigmas.
DEBUG [2019-08-12 12:28:27] Estimate tau.
DEBUG [2019-08-12 12:28:27] Test for convergence.
DEBUG [2019-08-12 12:28:27] ll_new=230.732043335344, ll_prev=229.752776912113, ll_diff=0.97926642323074, diff_threshold=0.230732043335344
INFO [2019-08-12 12:28:27] Iteration 7 out of 10 internal iterations...
DEBUG [2019-08-12 12:28:27] Calculate W_norms and related quantities
DEBUG [2019-08-12 12:28:27] Calculate W_norms
DEBUG [2019-08-12 12:28:27] Estimate mus, deltas, gammas.
DEBUG [2019-08-12 12:28:28] Estimate sigmas.
DEBUG [2019-08-12 12:28:28] Estimate tau.
DEBUG [2019-08-12 12:28:28] Test for convergence.
DEBUG [2019-08-12 12:28:28] ll_new=231.966435558335, ll_prev=230.732043335344, ll_diff=1.23439222299078, diff_threshold=0.231966435558335
INFO [2019-08-12 12:28:28] Iteration 8 out of 10 internal iterations...
DEBUG [2019-08-12 12:28:28] Calculate W_norms and related quantities
DEBUG [2019-08-12 12:28:28] Calculate W_norms
DEBUG [2019-08-12 12:28:28] Estimate mus, deltas, gammas.
DEBUG [2019-08-12 12:28:28] Estimate sigmas.
DEBUG [2019-08-12 12:28:28] Estimate tau.
DEBUG [2019-08-12 12:28:28] Test for convergence.
DEBUG [2019-08-12 12:28:28] ll_new=233.518964261292, ll_prev=231.966435558335, ll_diff=1.5525287029572, diff_threshold=0.233518964261292
INFO [2019-08-12 12:28:28] Iteration 9 out of 10 internal iterations...
DEBUG [2019-08-12 12:28:28] Calculate W_norms and related quantities
DEBUG [2019-08-12 12:28:28] Calculate W_norms
DEBUG [2019-08-12 12:28:28] Estimate mus, deltas, gammas.
DEBUG [2019-08-12 12:28:29] Estimate sigmas.
DEBUG [2019-08-12 12:28:29] Estimate tau.
DEBUG [2019-08-12 12:28:29] Test for convergence.
DEBUG [2019-08-12 12:28:29] ll_new=235.478678178975, ll_prev=233.518964261292, ll_diff=1.95971391768308, diff_threshold=0.235478678178975
INFO [2019-08-12 12:28:29] Iteration 10 out of 10 internal iterations...
DEBUG [2019-08-12 12:28:29] Calculate W_norms and related quantities
DEBUG [2019-08-12 12:28:29] Calculate W_norms
DEBUG [2019-08-12 12:28:29] Estimate mus, deltas, gammas.
DEBUG [2019-08-12 12:28:29] Estimate sigmas.
DEBUG [2019-08-12 12:28:29] Estimate tau.
DEBUG [2019-08-12 12:28:29] Test for convergence.
DEBUG [2019-08-12 12:28:29] ll_new=237.977678288537, ll_prev=235.478678178975, ll_diff=2.49900010956213, diff_threshold=0.237977678288537
INFO [2019-08-12 12:28:29] Finished tca.
INFO [2019-08-12 12:28:41] Starting tca...
INFO [2019-08-12 12:28:41] Validating input...
DEBUG [2019-08-12 12:28:41] Validating input types...
DEBUG [2019-08-12 12:28:41] Validating input stucture and values...
DEBUG [2019-08-12 12:28:41] Validating input conditions...
DEBUG [2019-08-12 12:28:41] Validating matrix dimensions...
DEBUG [2019-08-12 12:28:41] Validating the order of observations across matrices...
DEBUG [2019-08-12 12:28:41] Validating that W is non-negative and each row sums up to 1...
INFO [2019-08-12 12:28:41] Fitting the TCA model...
DEBUG [2019-08-12 12:28:41] Starting function 'tca.fit'...
INFO [2019-08-12 12:28:41] Fitting means and variances...
DEBUG [2019-08-12 12:28:41] Starting function 'tca.fit_means_vars'...
INFO [2019-08-12 12:28:41] Iteration 1 out of 10 internal iterations...
DEBUG [2019-08-12 12:28:41] Calculate W_norms and related quantities
DEBUG [2019-08-12 12:28:41] Estimate mus, deltas, gammas.
DEBUG [2019-08-12 12:28:42] Get initial estimates of sigmas
DEBUG [2019-08-12 12:28:42] Estimate sigmas.
DEBUG [2019-08-12 12:28:42] Estimate tau.
DEBUG [2019-08-12 12:28:42] Test for convergence.
DEBUG [2019-08-12 12:28:42] ll_new=-346.020338938581, ll_prev=-Inf, ll_diff=Inf, diff_threshold=0.346020338938581
INFO [2019-08-12 12:28:42] Iteration 2 out of 10 internal iterations...
DEBUG [2019-08-12 12:28:42] Calculate W_norms and related quantities
DEBUG [2019-08-12 12:28:42] Calculate W_norms
DEBUG [2019-08-12 12:28:42] Estimate mus, deltas, gammas.
DEBUG [2019-08-12 12:28:42] Estimate sigmas.
DEBUG [2019-08-12 12:28:42] Estimate tau.
DEBUG [2019-08-12 12:28:42] Test for convergence.
DEBUG [2019-08-12 12:28:42] ll_new=-269.311164049603, ll_prev=-346.020338938581, ll_diff=76.7091748889783, diff_threshold=0.269311164049603
INFO [2019-08-12 12:28:42] Iteration 3 out of 10 internal iterations...
DEBUG [2019-08-12 12:28:42] Calculate W_norms and related quantities
DEBUG [2019-08-12 12:28:42] Calculate W_norms
DEBUG [2019-08-12 12:28:42] Estimate mus, deltas, gammas.
DEBUG [2019-08-12 12:28:43] Estimate sigmas.
DEBUG [2019-08-12 12:28:43] Estimate tau.
DEBUG [2019-08-12 12:28:43] Test for convergence.
DEBUG [2019-08-12 12:28:43] ll_new=-210.61438694123, ll_prev=-269.311164049603, ll_diff=58.6967771083731, diff_threshold=0.21061438694123
INFO [2019-08-12 12:28:43] Iteration 4 out of 10 internal iterations...
DEBUG [2019-08-12 12:28:43] Calculate W_norms and related quantities
DEBUG [2019-08-12 12:28:43] Calculate W_norms
DEBUG [2019-08-12 12:28:43] Estimate mus, deltas, gammas.
DEBUG [2019-08-12 12:28:43] Estimate sigmas.
DEBUG [2019-08-12 12:28:43] Estimate tau.
DEBUG [2019-08-12 12:28:43] Test for convergence.
DEBUG [2019-08-12 12:28:43] ll_new=-121.410647374051, ll_prev=-210.61438694123, ll_diff=89.2037395671784, diff_threshold=0.121410647374051
INFO [2019-08-12 12:28:43] Iteration 5 out of 10 internal iterations...
DEBUG [2019-08-12 12:28:43] Calculate W_norms and related quantities
DEBUG [2019-08-12 12:28:43] Calculate W_norms
DEBUG [2019-08-12 12:28:43] Estimate mus, deltas, gammas.
DEBUG [2019-08-12 12:28:44] Estimate sigmas.
DEBUG [2019-08-12 12:28:44] Estimate tau.
DEBUG [2019-08-12 12:28:44] Test for convergence.
DEBUG [2019-08-12 12:28:44] ll_new=-76.2392554562477, ll_prev=-121.410647374051, ll_diff=45.1713919178037, diff_threshold=0.0762392554562477
INFO [2019-08-12 12:28:44] Iteration 6 out of 10 internal iterations...
DEBUG [2019-08-12 12:28:44] Calculate W_norms and related quantities
DEBUG [2019-08-12 12:28:44] Calculate W_norms
DEBUG [2019-08-12 12:28:44] Estimate mus, deltas, gammas.
DEBUG [2019-08-12 12:28:44] Estimate sigmas.
DEBUG [2019-08-12 12:28:44] Estimate tau.
DEBUG [2019-08-12 12:28:44] Test for convergence.
DEBUG [2019-08-12 12:28:44] ll_new=-63.5934246523248, ll_prev=-76.2392554562477, ll_diff=12.6458308039229, diff_threshold=0.0635934246523248
INFO [2019-08-12 12:28:44] Iteration 7 out of 10 internal iterations...
DEBUG [2019-08-12 12:28:44] Calculate W_norms and related quantities
DEBUG [2019-08-12 12:28:45] Calculate W_norms
DEBUG [2019-08-12 12:28:45] Estimate mus, deltas, gammas.
DEBUG [2019-08-12 12:28:45] Estimate sigmas.
DEBUG [2019-08-12 12:28:45] Estimate tau.
DEBUG [2019-08-12 12:28:45] Test for convergence.
DEBUG [2019-08-12 12:28:45] ll_new=-39.776894227627, ll_prev=-63.5934246523248, ll_diff=23.8165304246978, diff_threshold=0.039776894227627
INFO [2019-08-12 12:28:45] Iteration 8 out of 10 internal iterations...
DEBUG [2019-08-12 12:28:45] Calculate W_norms and related quantities
DEBUG [2019-08-12 12:28:45] Calculate W_norms
DEBUG [2019-08-12 12:28:45] Estimate mus, deltas, gammas.
DEBUG [2019-08-12 12:28:45] Estimate sigmas.
DEBUG [2019-08-12 12:28:45] Estimate tau.
DEBUG [2019-08-12 12:28:45] Test for convergence.
DEBUG [2019-08-12 12:28:45] ll_new=8.5274038790202, ll_prev=-39.776894227627, ll_diff=48.3042981066472, diff_threshold=0.0085274038790202
INFO [2019-08-12 12:28:45] Iteration 9 out of 10 internal iterations...
DEBUG [2019-08-12 12:28:46] Calculate W_norms and related quantities
DEBUG [2019-08-12 12:28:46] Calculate W_norms
DEBUG [2019-08-12 12:28:46] Estimate mus, deltas, gammas.
DEBUG [2019-08-12 12:28:46] Estimate sigmas.
DEBUG [2019-08-12 12:28:46] Estimate tau.
DEBUG [2019-08-12 12:28:46] Test for convergence.
DEBUG [2019-08-12 12:28:46] ll_new=112.282411233272, ll_prev=8.5274038790202, ll_diff=103.755007354252, diff_threshold=0.112282411233272
INFO [2019-08-12 12:28:46] Iteration 10 out of 10 internal iterations...
DEBUG [2019-08-12 12:28:46] Calculate W_norms and related quantities
DEBUG [2019-08-12 12:28:46] Calculate W_norms
DEBUG [2019-08-12 12:28:46] Estimate mus, deltas, gammas.
DEBUG [2019-08-12 12:28:47] Estimate sigmas.
DEBUG [2019-08-12 12:28:47] Estimate tau.
DEBUG [2019-08-12 12:28:47] Test for convergence.
DEBUG [2019-08-12 12:28:47] ll_new=296.783265979774, ll_prev=112.282411233272, ll_diff=184.500854746502, diff_threshold=0.296783265979774
INFO [2019-08-12 12:28:47] Finished tca.
INFO [2019-08-12 12:30:00] Starting tca...
INFO [2019-08-12 12:30:00] Validating input...
DEBUG [2019-08-12 12:30:00] Validating input types...
DEBUG [2019-08-12 12:30:00] Validating input stucture and values...
DEBUG [2019-08-12 12:30:00] Validating input conditions...
DEBUG [2019-08-12 12:30:00] Validating matrix dimensions...
DEBUG [2019-08-12 12:30:00] Validating the order of observations across matrices...
DEBUG [2019-08-12 12:30:00] Validating that W is non-negative and each row sums up to 1...
INFO [2019-08-12 12:30:00] Fitting the TCA model...
DEBUG [2019-08-12 12:30:00] Starting function 'tca.fit'...
INFO [2019-08-12 12:30:00] Fitting means and variances...
DEBUG [2019-08-12 12:30:00] Starting function 'tca.fit_means_vars'...
INFO [2019-08-12 12:30:00] Iteration 1 out of 10 internal iterations...
DEBUG [2019-08-12 12:30:00] Calculate W_norms and related quantities
DEBUG [2019-08-12 12:30:00] Estimate mus, deltas, gammas.
INFO [2019-08-12 12:35:57] Starting tca...
INFO [2019-08-12 12:35:57] Validating input...
DEBUG [2019-08-12 12:35:57] Validating input types...
DEBUG [2019-08-12 12:35:57] Validating input stucture and values...
DEBUG [2019-08-12 12:35:57] Validating input conditions...
DEBUG [2019-08-12 12:35:57] Validating matrix dimensions...
DEBUG [2019-08-12 12:35:57] Validating the order of observations across matrices...
DEBUG [2019-08-12 12:35:57] Validating that W is non-negative and each row sums up to 1...
INFO [2019-08-12 12:35:57] Fitting the TCA model...
DEBUG [2019-08-12 12:35:57] Starting function 'tca.fit'...
INFO [2019-08-12 12:35:57] Fitting means and variances...
DEBUG [2019-08-12 12:35:57] Starting function 'tca.fit_means_vars'...
INFO [2019-08-12 12:35:57] Iteration 1 out of 10 internal iterations...
DEBUG [2019-08-12 12:35:57] Calculate W_norms and related quantities
DEBUG [2019-08-12 12:35:57] Estimate mus, deltas, gammas.
INFO [2019-08-12 12:39:49] Starting tca...
INFO [2019-08-12 12:39:49] Validating input...
DEBUG [2019-08-12 12:39:49] Validating input types...
DEBUG [2019-08-12 12:39:49] Validating input stucture and values...
DEBUG [2019-08-12 12:39:49] Validating input conditions...
DEBUG [2019-08-12 12:39:49] Validating matrix dimensions...
DEBUG [2019-08-12 12:39:49] Validating the order of observations across matrices...
DEBUG [2019-08-12 12:39:49] Validating that W is non-negative and each row sums up to 1...
INFO [2019-08-12 12:39:49] Fitting the TCA model...
DEBUG [2019-08-12 12:39:49] Starting function 'tca.fit'...
INFO [2019-08-12 12:39:49] Fitting means and variances...
DEBUG [2019-08-12 12:39:49] Starting function 'tca.fit_means_vars'...
INFO [2019-08-12 12:39:50] Iteration 1 out of 10 internal iterations...
DEBUG [2019-08-12 12:39:50] Calculate W_norms and related quantities
DEBUG [2019-08-12 12:39:50] Estimate mus, deltas, gammas.
INFO [2019-08-12 12:44:24] Starting tca...
INFO [2019-08-12 12:44:24] Validating input...
DEBUG [2019-08-12 12:44:24] Validating input types...
DEBUG [2019-08-12 12:44:24] Validating input stucture and values...
DEBUG [2019-08-12 12:44:24] Validating input conditions...
DEBUG [2019-08-12 12:44:24] Validating matrix dimensions...
DEBUG [2019-08-12 12:44:24] Validating the order of observations across matrices...
DEBUG [2019-08-12 12:44:24] Validating that W is non-negative and each row sums up to 1...
INFO [2019-08-12 12:44:24] Fitting the TCA model...
DEBUG [2019-08-12 12:44:24] Starting function 'tca.fit'...
INFO [2019-08-12 12:44:24] Fitting means and variances...
DEBUG [2019-08-12 12:44:24] Starting function 'tca.fit_means_vars'...
INFO [2019-08-12 12:44:24] Iteration 1 out of 10 internal iterations...
DEBUG [2019-08-12 12:44:24] Calculate W_norms and related quantities
DEBUG [2019-08-12 12:44:24] Estimate mus, deltas, gammas.
INFO [2019-08-12 12:44:40] Starting tca...
INFO [2019-08-12 12:44:41] Validating input...
DEBUG [2019-08-12 12:44:41] Validating input types...
DEBUG [2019-08-12 12:44:41] Validating input stucture and values...
DEBUG [2019-08-12 12:44:41] Validating input conditions...
DEBUG [2019-08-12 12:44:41] Validating matrix dimensions...
DEBUG [2019-08-12 12:44:41] Validating the order of observations across matrices...
DEBUG [2019-08-12 12:44:41] Validating that W is non-negative and each row sums up to 1...
INFO [2019-08-12 12:44:41] Fitting the TCA model...
DEBUG [2019-08-12 12:44:41] Starting function 'tca.fit'...
INFO [2019-08-12 12:44:41] Fitting means and variances...
DEBUG [2019-08-12 12:44:41] Starting function 'tca.fit_means_vars'...
INFO [2019-08-12 12:44:41] Iteration 1 out of 10 internal iterations...
DEBUG [2019-08-12 12:44:41] Calculate W_norms and related quantities
DEBUG [2019-08-12 12:44:41] Estimate mus, deltas, gammas.
INFO [2019-08-12 12:45:31] Starting tca...
INFO [2019-08-12 12:45:31] Validating input...
DEBUG [2019-08-12 12:45:31] Validating input types...
DEBUG [2019-08-12 12:45:31] Validating input stucture and values...
DEBUG [2019-08-12 12:45:31] Validating input conditions...
DEBUG [2019-08-12 12:45:31] Validating matrix dimensions...
DEBUG [2019-08-12 12:45:31] Validating the order of observations across matrices...
DEBUG [2019-08-12 12:45:31] Validating that W is non-negative and each row sums up to 1...
INFO [2019-08-12 12:45:31] Fitting the TCA model...
DEBUG [2019-08-12 12:45:31] Starting function 'tca.fit'...
INFO [2019-08-12 12:45:31] Fitting means and variances...
DEBUG [2019-08-12 12:45:31] Starting function 'tca.fit_means_vars'...
INFO [2019-08-12 12:45:31] Iteration 1 out of 10 internal iterations...
DEBUG [2019-08-12 12:45:31] Calculate W_norms and related quantities
DEBUG [2019-08-12 12:45:31] Estimate mus, deltas, gammas.
INFO [2019-08-12 12:45:36] Starting tca...
INFO [2019-08-12 12:45:36] Validating input...
DEBUG [2019-08-12 12:45:36] Validating input types...
DEBUG [2019-08-12 12:45:36] Validating input stucture and values...
DEBUG [2019-08-12 12:45:36] Validating input conditions...
DEBUG [2019-08-12 12:45:36] Validating matrix dimensions...
DEBUG [2019-08-12 12:45:36] Validating the order of observations across matrices...
DEBUG [2019-08-12 12:45:36] Validating that W is non-negative and each row sums up to 1...
INFO [2019-08-12 12:45:36] Fitting the TCA model...
DEBUG [2019-08-12 12:45:36] Starting function 'tca.fit'...
INFO [2019-08-12 12:45:36] Fitting means and variances...
DEBUG [2019-08-12 12:45:36] Starting function 'tca.fit_means_vars'...
INFO [2019-08-12 12:45:36] Iteration 1 out of 10 internal iterations...
DEBUG [2019-08-12 12:45:36] Calculate W_norms and related quantities
DEBUG [2019-08-12 12:45:36] Estimate mus, deltas, gammas.
INFO [2019-08-12 12:45:42] Starting tca...
INFO [2019-08-12 12:45:42] Validating input...
DEBUG [2019-08-12 12:45:42] Validating input types...
DEBUG [2019-08-12 12:45:42] Validating input stucture and values...
DEBUG [2019-08-12 12:45:42] Validating input conditions...
DEBUG [2019-08-12 12:45:42] Validating matrix dimensions...
DEBUG [2019-08-12 12:45:42] Validating the order of observations across matrices...
DEBUG [2019-08-12 12:45:42] Validating that W is non-negative and each row sums up to 1...
INFO [2019-08-12 12:45:42] Fitting the TCA model...
DEBUG [2019-08-12 12:45:42] Starting function 'tca.fit'...
INFO [2019-08-12 12:45:42] Fitting means and variances...
DEBUG [2019-08-12 12:45:42] Starting function 'tca.fit_means_vars'...
INFO [2019-08-12 12:45:42] Iteration 1 out of 10 internal iterations...
DEBUG [2019-08-12 12:45:42] Calculate W_norms and related quantities
DEBUG [2019-08-12 12:45:43] Estimate mus, deltas, gammas.
INFO [2019-08-12 12:50:38] Starting tca...
INFO [2019-08-12 12:50:38] Validating input...
DEBUG [2019-08-12 12:50:38] Validating input types...
DEBUG [2019-08-12 12:50:38] Validating input stucture and values...
DEBUG [2019-08-12 12:50:38] Validating input conditions...
DEBUG [2019-08-12 12:50:38] Validating matrix dimensions...
DEBUG [2019-08-12 12:50:38] Validating the order of observations across matrices...
DEBUG [2019-08-12 12:50:38] Validating that W is non-negative and each row sums up to 1...
INFO [2019-08-12 12:50:38] Fitting the TCA model...
DEBUG [2019-08-12 12:50:38] Starting function 'tca.fit'...
INFO [2019-08-12 12:50:38] Fitting means and variances...
DEBUG [2019-08-12 12:50:38] Starting function 'tca.fit_means_vars'...
INFO [2019-08-12 12:50:38] Iteration 1 out of 10 internal iterations...
DEBUG [2019-08-12 12:50:38] Calculate W_norms and related quantities
DEBUG [2019-08-12 12:50:39] Estimate mus, deltas, gammas.
INFO [2019-08-12 12:51:08] Starting tca...
INFO [2019-08-12 12:51:08] Validating input...
DEBUG [2019-08-12 12:51:08] Validating input types...
DEBUG [2019-08-12 12:51:08] Validating input stucture and values...
DEBUG [2019-08-12 12:51:08] Validating input conditions...
DEBUG [2019-08-12 12:51:08] Validating matrix dimensions...
DEBUG [2019-08-12 12:51:08] Validating the order of observations across matrices...
DEBUG [2019-08-12 12:51:08] Validating that W is non-negative and each row sums up to 1...
INFO [2019-08-12 12:51:08] Fitting the TCA model...
DEBUG [2019-08-12 12:51:08] Starting function 'tca.fit'...
INFO [2019-08-12 12:51:08] Fitting means and variances...
DEBUG [2019-08-12 12:51:08] Starting function 'tca.fit_means_vars'...
INFO [2019-08-12 12:51:08] Iteration 1 out of 10 internal iterations...
DEBUG [2019-08-12 12:51:08] Calculate W_norms and related quantities
DEBUG [2019-08-12 12:51:08] Estimate mus, deltas, gammas.
INFO [2019-08-12 12:52:02] Starting tca...
INFO [2019-08-12 12:52:02] Validating input...
DEBUG [2019-08-12 12:52:02] Validating input types...
DEBUG [2019-08-12 12:52:02] Validating input stucture and values...
DEBUG [2019-08-12 12:52:02] Validating input conditions...
DEBUG [2019-08-12 12:52:02] Validating matrix dimensions...
DEBUG [2019-08-12 12:52:02] Validating the order of observations across matrices...
DEBUG [2019-08-12 12:52:02] Validating that W is non-negative and each row sums up to 1...
INFO [2019-08-12 12:52:02] Fitting the TCA model...
DEBUG [2019-08-12 12:52:02] Starting function 'tca.fit'...
INFO [2019-08-12 12:52:02] Fitting means and variances...
DEBUG [2019-08-12 12:52:02] Starting function 'tca.fit_means_vars'...
INFO [2019-08-12 12:52:02] Iteration 1 out of 10 internal iterations...
DEBUG [2019-08-12 12:52:02] Calculate W_norms and related quantities
DEBUG [2019-08-12 12:52:03] Estimate mus, deltas, gammas.
INFO [2019-08-12 12:55:04] Starting tca...
INFO [2019-08-12 12:55:04] Validating input...
DEBUG [2019-08-12 12:55:04] Validating input types...
DEBUG [2019-08-12 12:55:04] Validating input stucture and values...
DEBUG [2019-08-12 12:55:04] Validating input conditions...
DEBUG [2019-08-12 12:55:04] Validating matrix dimensions...
DEBUG [2019-08-12 12:55:04] Validating the order of observations across matrices...
DEBUG [2019-08-12 12:55:04] Validating that W is non-negative and each row sums up to 1...
INFO [2019-08-12 12:55:04] Fitting the TCA model...
DEBUG [2019-08-12 12:55:04] Starting function 'tca.fit'...
INFO [2019-08-12 12:55:04] Fitting means and variances...
DEBUG [2019-08-12 12:55:04] Starting function 'tca.fit_means_vars'...
INFO [2019-08-12 12:55:04] Iteration 1 out of 10 internal iterations...
DEBUG [2019-08-12 12:55:04] Calculate W_norms and related quantities
DEBUG [2019-08-12 12:55:04] Estimate mus, deltas, gammas.
INFO [2019-08-12 12:55:27] Starting tca...
INFO [2019-08-12 12:55:27] Validating input...
DEBUG [2019-08-12 12:55:27] Validating input types...
DEBUG [2019-08-12 12:55:27] Validating input stucture and values...
DEBUG [2019-08-12 12:55:27] Validating input conditions...
DEBUG [2019-08-12 12:55:27] Validating matrix dimensions...
DEBUG [2019-08-12 12:55:27] Validating the order of observations across matrices...
DEBUG [2019-08-12 12:55:27] Validating that W is non-negative and each row sums up to 1...
INFO [2019-08-12 12:55:27] Fitting the TCA model...
DEBUG [2019-08-12 12:55:27] Starting function 'tca.fit'...
INFO [2019-08-12 12:55:27] Fitting means and variances...
DEBUG [2019-08-12 12:55:27] Starting function 'tca.fit_means_vars'...
INFO [2019-08-12 12:55:27] Iteration 1 out of 10 internal iterations...
DEBUG [2019-08-12 12:55:27] Calculate W_norms and related quantities
DEBUG [2019-08-12 12:55:27] Estimate mus, deltas, gammas.
INFO [2019-08-12 12:55:44] Starting tca...
INFO [2019-08-12 12:55:44] Validating input...
DEBUG [2019-08-12 12:55:44] Validating input types...
DEBUG [2019-08-12 12:55:44] Validating input stucture and values...
DEBUG [2019-08-12 12:55:44] Validating input conditions...
DEBUG [2019-08-12 12:55:44] Validating matrix dimensions...
INFO [2019-08-12 12:55:54] Starting tca...
INFO [2019-08-12 12:55:54] Validating input...
DEBUG [2019-08-12 12:55:54] Validating input types...
DEBUG [2019-08-12 12:55:54] Validating input stucture and values...
DEBUG [2019-08-12 12:55:54] Validating input conditions...
DEBUG [2019-08-12 12:55:54] Validating matrix dimensions...
INFO [2019-08-12 13:05:45] Starting tca...
INFO [2019-08-12 13:05:45] Validating input...
DEBUG [2019-08-12 13:05:45] Validating input types...
DEBUG [2019-08-12 13:05:45] Validating input stucture and values...
DEBUG [2019-08-12 13:05:45] Validating input conditions...
DEBUG [2019-08-12 13:05:45] Validating matrix dimensions...
DEBUG [2019-08-12 13:05:45] Validating the order of observations across matrices...
DEBUG [2019-08-12 13:05:45] Validating that W is non-negative and each row sums up to 1...
INFO [2019-08-12 13:05:45] Fitting the TCA model...
DEBUG [2019-08-12 13:05:45] Starting function 'tca.fit'...
INFO [2019-08-12 13:05:45] Fitting means and variances...
DEBUG [2019-08-12 13:05:45] Starting function 'tca.fit_means_vars'...
INFO [2019-08-12 13:05:45] Iteration 1 out of 10 internal iterations...
DEBUG [2019-08-12 13:05:45] Calculate W_norms and related quantities
DEBUG [2019-08-12 13:05:45] Estimate mus, deltas, gammas.
INFO [2019-08-12 13:06:57] Starting tca...
INFO [2019-08-12 13:06:57] Validating input...
DEBUG [2019-08-12 13:06:57] Validating input types...
DEBUG [2019-08-12 13:06:57] Validating input stucture and values...
DEBUG [2019-08-12 13:06:57] Validating input conditions...
DEBUG [2019-08-12 13:06:57] Validating matrix dimensions...
DEBUG [2019-08-12 13:06:57] Validating the order of observations across matrices...
DEBUG [2019-08-12 13:06:57] Validating that W is non-negative and each row sums up to 1...
INFO [2019-08-12 13:06:57] Fitting the TCA model...
DEBUG [2019-08-12 13:06:57] Starting function 'tca.fit'...
INFO [2019-08-12 13:06:57] Fitting means and variances...
DEBUG [2019-08-12 13:06:57] Starting function 'tca.fit_means_vars'...
INFO [2019-08-12 13:06:57] Iteration 1 out of 10 internal iterations...
DEBUG [2019-08-12 13:06:57] Calculate W_norms and related quantities
DEBUG [2019-08-12 13:06:57] Estimate mus, deltas, gammas.
INFO [2019-08-12 13:17:31] Starting tca...
INFO [2019-08-12 13:17:31] Validating input...
DEBUG [2019-08-12 13:17:31] Validating input types...
DEBUG [2019-08-12 13:17:31] Validating input stucture and values...
DEBUG [2019-08-12 13:17:31] Validating input conditions...
DEBUG [2019-08-12 13:17:31] Validating matrix dimensions...
DEBUG [2019-08-12 13:17:31] Validating the order of observations across matrices...
DEBUG [2019-08-12 13:17:31] Validating that W is non-negative and each row sums up to 1...
INFO [2019-08-12 13:17:31] Fitting the TCA model...
DEBUG [2019-08-12 13:17:31] Starting function 'tca.fit'...
INFO [2019-08-12 13:17:31] Fitting means and variances...
DEBUG [2019-08-12 13:17:31] Starting function 'tca.fit_means_vars'...
INFO [2019-08-12 13:17:32] Iteration 1 out of 10 internal iterations...
DEBUG [2019-08-12 13:17:32] Calculate W_norms and related quantities
DEBUG [2019-08-12 13:17:32] Estimate mus, deltas, gammas.
INFO [2019-08-12 13:20:12] Starting tca...
INFO [2019-08-12 13:20:12] Validating input...
DEBUG [2019-08-12 13:20:12] Validating input types...
DEBUG [2019-08-12 13:20:12] Validating input stucture and values...
DEBUG [2019-08-12 13:20:12] Validating input conditions...
DEBUG [2019-08-12 13:20:12] Validating matrix dimensions...
DEBUG [2019-08-12 13:20:12] Validating the order of observations across matrices...
DEBUG [2019-08-12 13:20:12] Validating that W is non-negative and each row sums up to 1...
INFO [2019-08-12 13:20:12] Fitting the TCA model...
DEBUG [2019-08-12 13:20:12] Starting function 'tca.fit'...
INFO [2019-08-12 13:20:12] Fitting means and variances...
DEBUG [2019-08-12 13:20:12] Starting function 'tca.fit_means_vars'...
INFO [2019-08-12 13:20:12] Iteration 1 out of 10 internal iterations...
DEBUG [2019-08-12 13:20:12] Calculate W_norms and related quantities
DEBUG [2019-08-12 13:20:12] Estimate mus, deltas, gammas.
INFO [2019-08-12 13:20:59] Starting tca...
INFO [2019-08-12 13:20:59] Validating input...
DEBUG [2019-08-12 13:20:59] Validating input types...
DEBUG [2019-08-12 13:20:59] Validating input stucture and values...
DEBUG [2019-08-12 13:20:59] Validating input conditions...
DEBUG [2019-08-12 13:20:59] Validating matrix dimensions...
DEBUG [2019-08-12 13:20:59] Validating the order of observations across matrices...
DEBUG [2019-08-12 13:20:59] Validating that W is non-negative and each row sums up to 1...
INFO [2019-08-12 13:20:59] Fitting the TCA model...
DEBUG [2019-08-12 13:20:59] Starting function 'tca.fit'...
INFO [2019-08-12 13:20:59] Fitting means and variances...
DEBUG [2019-08-12 13:20:59] Starting function 'tca.fit_means_vars'...
INFO [2019-08-12 13:20:59] Iteration 1 out of 10 internal iterations...
DEBUG [2019-08-12 13:20:59] Calculate W_norms and related quantities
DEBUG [2019-08-12 13:20:59] Estimate mus, deltas, gammas.
INFO [2019-08-12 13:21:26] Starting tca...
INFO [2019-08-12 13:21:26] Validating input...
DEBUG [2019-08-12 13:21:26] Validating input types...
DEBUG [2019-08-12 13:21:26] Validating input stucture and values...
DEBUG [2019-08-12 13:21:26] Validating input conditions...
DEBUG [2019-08-12 13:21:26] Validating matrix dimensions...
DEBUG [2019-08-12 13:21:26] Validating the order of observations across matrices...
DEBUG [2019-08-12 13:21:26] Validating that W is non-negative and each row sums up to 1...
INFO [2019-08-12 13:21:26] Fitting the TCA model...
DEBUG [2019-08-12 13:21:26] Starting function 'tca.fit'...
INFO [2019-08-12 13:21:26] Fitting means and variances...
DEBUG [2019-08-12 13:21:26] Starting function 'tca.fit_means_vars'...
INFO [2019-08-12 13:21:26] Iteration 1 out of 10 internal iterations...
DEBUG [2019-08-12 13:21:26] Calculate W_norms and related quantities
DEBUG [2019-08-12 13:21:26] Estimate mus, deltas, gammas.
INFO [2019-08-12 13:21:54] Starting tca...
INFO [2019-08-12 13:21:54] Validating input...
DEBUG [2019-08-12 13:21:54] Validating input types...
DEBUG [2019-08-12 13:21:54] Validating input stucture and values...
DEBUG [2019-08-12 13:21:54] Validating input conditions...
DEBUG [2019-08-12 13:21:54] Validating matrix dimensions...
DEBUG [2019-08-12 13:21:54] Validating the order of observations across matrices...
DEBUG [2019-08-12 13:21:54] Validating that W is non-negative and each row sums up to 1...
INFO [2019-08-12 13:21:54] Fitting the TCA model...
DEBUG [2019-08-12 13:21:54] Starting function 'tca.fit'...
INFO [2019-08-12 13:21:54] Fitting means and variances...
DEBUG [2019-08-12 13:21:54] Starting function 'tca.fit_means_vars'...
INFO [2019-08-12 13:21:54] Iteration 1 out of 10 internal iterations...
DEBUG [2019-08-12 13:21:54] Calculate W_norms and related quantities
DEBUG [2019-08-12 13:21:54] Estimate mus, deltas, gammas.
INFO [2019-08-12 13:22:41] Starting tca...
INFO [2019-08-12 13:22:41] Validating input...
DEBUG [2019-08-12 13:22:41] Validating input types...
DEBUG [2019-08-12 13:22:41] Validating input stucture and values...
DEBUG [2019-08-12 13:22:41] Validating input conditions...
DEBUG [2019-08-12 13:22:41] Validating matrix dimensions...
DEBUG [2019-08-12 13:22:41] Validating the order of observations across matrices...
DEBUG [2019-08-12 13:22:41] Validating that W is non-negative and each row sums up to 1...
INFO [2019-08-12 13:22:41] Fitting the TCA model...
DEBUG [2019-08-12 13:22:41] Starting function 'tca.fit'...
INFO [2019-08-12 13:22:41] Fitting means and variances...
DEBUG [2019-08-12 13:22:41] Starting function 'tca.fit_means_vars'...
INFO [2019-08-12 13:22:41] Iteration 1 out of 10 internal iterations...
DEBUG [2019-08-12 13:22:41] Calculate W_norms and related quantities
DEBUG [2019-08-12 13:22:41] Estimate mus, deltas, gammas.
INFO [2019-08-12 13:23:30] Starting tca...
INFO [2019-08-12 13:23:30] Validating input...
DEBUG [2019-08-12 13:23:30] Validating input types...
DEBUG [2019-08-12 13:23:30] Validating input stucture and values...
DEBUG [2019-08-12 13:23:30] Validating input conditions...
DEBUG [2019-08-12 13:23:30] Validating matrix dimensions...
DEBUG [2019-08-12 13:23:30] Validating the order of observations across matrices...
DEBUG [2019-08-12 13:23:30] Validating that W is non-negative and each row sums up to 1...
INFO [2019-08-12 13:23:30] Fitting the TCA model...
DEBUG [2019-08-12 13:23:30] Starting function 'tca.fit'...
INFO [2019-08-12 13:23:30] Fitting means and variances...
DEBUG [2019-08-12 13:23:30] Starting function 'tca.fit_means_vars'...
INFO [2019-08-12 13:23:30] Iteration 1 out of 10 internal iterations...
DEBUG [2019-08-12 13:23:30] Calculate W_norms and related quantities
DEBUG [2019-08-12 13:23:30] Estimate mus, deltas, gammas.
INFO [2019-08-12 13:25:03] Starting tca...
INFO [2019-08-12 13:25:03] Validating input...
DEBUG [2019-08-12 13:25:03] Validating input types...
DEBUG [2019-08-12 13:25:03] Validating input stucture and values...
DEBUG [2019-08-12 13:25:03] Validating input conditions...
DEBUG [2019-08-12 13:25:03] Validating matrix dimensions...
DEBUG [2019-08-12 13:25:03] Validating the order of observations across matrices...
DEBUG [2019-08-12 13:25:03] Validating that W is non-negative and each row sums up to 1...
INFO [2019-08-12 13:25:03] Fitting the TCA model...
DEBUG [2019-08-12 13:25:03] Starting function 'tca.fit'...
INFO [2019-08-12 13:25:03] Fitting means and variances...
DEBUG [2019-08-12 13:25:03] Starting function 'tca.fit_means_vars'...
INFO [2019-08-12 13:25:03] Iteration 1 out of 10 internal iterations...
DEBUG [2019-08-12 13:25:03] Calculate W_norms and related quantities
DEBUG [2019-08-12 13:25:03] Estimate mus, deltas, gammas.
INFO [2019-08-12 13:25:44] Starting tca...
INFO [2019-08-12 13:25:44] Validating input...
DEBUG [2019-08-12 13:25:44] Validating input types...
DEBUG [2019-08-12 13:25:44] Validating input stucture and values...
DEBUG [2019-08-12 13:25:44] Validating input conditions...
DEBUG [2019-08-12 13:25:44] Validating matrix dimensions...
DEBUG [2019-08-12 13:25:44] Validating the order of observations across matrices...
DEBUG [2019-08-12 13:25:44] Validating that W is non-negative and each row sums up to 1...
INFO [2019-08-12 13:25:44] Fitting the TCA model...
DEBUG [2019-08-12 13:25:44] Starting function 'tca.fit'...
INFO [2019-08-12 13:25:44] Fitting means and variances...
DEBUG [2019-08-12 13:25:44] Starting function 'tca.fit_means_vars'...
INFO [2019-08-12 13:25:44] Iteration 1 out of 10 internal iterations...
DEBUG [2019-08-12 13:25:44] Calculate W_norms and related quantities
DEBUG [2019-08-12 13:25:44] Estimate mus, deltas, gammas.
INFO [2019-08-12 13:26:26] Starting tca...
INFO [2019-08-12 13:26:26] Validating input...
DEBUG [2019-08-12 13:26:26] Validating input types...
DEBUG [2019-08-12 13:26:26] Validating input stucture and values...
DEBUG [2019-08-12 13:26:26] Validating input conditions...
DEBUG [2019-08-12 13:26:26] Validating matrix dimensions...
DEBUG [2019-08-12 13:26:26] Validating the order of observations across matrices...
DEBUG [2019-08-12 13:26:26] Validating that W is non-negative and each row sums up to 1...
INFO [2019-08-12 13:26:26] Fitting the TCA model...
DEBUG [2019-08-12 13:26:26] Starting function 'tca.fit'...
INFO [2019-08-12 13:26:26] Fitting means and variances...
DEBUG [2019-08-12 13:26:26] Starting function 'tca.fit_means_vars'...
INFO [2019-08-12 13:26:26] Iteration 1 out of 10 internal iterations...
DEBUG [2019-08-12 13:26:26] Calculate W_norms and related quantities
DEBUG [2019-08-12 13:26:26] Estimate mus, deltas, gammas.
INFO [2019-08-12 13:26:47] Starting tca...
INFO [2019-08-12 13:26:47] Validating input...
DEBUG [2019-08-12 13:26:47] Validating input types...
DEBUG [2019-08-12 13:26:47] Validating input stucture and values...
DEBUG [2019-08-12 13:26:47] Validating input conditions...
DEBUG [2019-08-12 13:26:47] Validating matrix dimensions...
DEBUG [2019-08-12 13:26:47] Validating the order of observations across matrices...
DEBUG [2019-08-12 13:26:47] Validating that W is non-negative and each row sums up to 1...
INFO [2019-08-12 13:26:47] Fitting the TCA model...
DEBUG [2019-08-12 13:26:47] Starting function 'tca.fit'...
INFO [2019-08-12 13:26:47] Fitting means and variances...
DEBUG [2019-08-12 13:26:47] Starting function 'tca.fit_means_vars'...
INFO [2019-08-12 13:26:47] Iteration 1 out of 10 internal iterations...
DEBUG [2019-08-12 13:26:47] Calculate W_norms and related quantities
DEBUG [2019-08-12 13:26:47] Estimate mus, deltas, gammas.
INFO [2019-08-12 13:27:22] Starting tca...
INFO [2019-08-12 13:27:22] Validating input...
DEBUG [2019-08-12 13:27:22] Validating input types...
DEBUG [2019-08-12 13:27:22] Validating input stucture and values...
DEBUG [2019-08-12 13:27:22] Validating input conditions...
DEBUG [2019-08-12 13:27:22] Validating matrix dimensions...
DEBUG [2019-08-12 13:27:22] Validating the order of observations across matrices...
DEBUG [2019-08-12 13:27:22] Validating that W is non-negative and each row sums up to 1...
INFO [2019-08-12 13:27:22] Fitting the TCA model...
DEBUG [2019-08-12 13:27:22] Starting function 'tca.fit'...
INFO [2019-08-12 13:27:22] Fitting means and variances...
DEBUG [2019-08-12 13:27:22] Starting function 'tca.fit_means_vars'...
INFO [2019-08-12 13:27:22] Iteration 1 out of 10 internal iterations...
DEBUG [2019-08-12 13:27:22] Calculate W_norms and related quantities
DEBUG [2019-08-12 13:27:22] Estimate mus, deltas, gammas.
INFO [2019-08-12 13:27:56] Starting tca...
INFO [2019-08-12 13:27:56] Validating input...
DEBUG [2019-08-12 13:27:56] Validating input types...
DEBUG [2019-08-12 13:27:56] Validating input stucture and values...
DEBUG [2019-08-12 13:27:56] Validating input conditions...
DEBUG [2019-08-12 13:27:56] Validating matrix dimensions...
DEBUG [2019-08-12 13:27:56] Validating the order of observations across matrices...
DEBUG [2019-08-12 13:27:56] Validating that W is non-negative and each row sums up to 1...
INFO [2019-08-12 13:27:56] Fitting the TCA model...
DEBUG [2019-08-12 13:27:56] Starting function 'tca.fit'...
INFO [2019-08-12 13:27:56] Fitting means and variances...
DEBUG [2019-08-12 13:27:56] Starting function 'tca.fit_means_vars'...
INFO [2019-08-12 13:27:56] Iteration 1 out of 10 internal iterations...
DEBUG [2019-08-12 13:27:56] Calculate W_norms and related quantities
DEBUG [2019-08-12 13:27:56] Estimate mus, deltas, gammas.
INFO [2019-08-12 13:30:46] Starting tca...
INFO [2019-08-12 13:30:46] Validating input...
DEBUG [2019-08-12 13:30:46] Validating input types...
DEBUG [2019-08-12 13:30:46] Validating input stucture and values...
DEBUG [2019-08-12 13:30:46] Validating input conditions...
DEBUG [2019-08-12 13:30:46] Validating matrix dimensions...
DEBUG [2019-08-12 13:30:46] Validating the order of observations across matrices...
DEBUG [2019-08-12 13:30:46] Validating that W is non-negative and each row sums up to 1...
INFO [2019-08-12 13:30:46] Fitting the TCA model...
DEBUG [2019-08-12 13:30:46] Starting function 'tca.fit'...
INFO [2019-08-12 13:30:46] Fitting means and variances...
DEBUG [2019-08-12 13:30:46] Starting function 'tca.fit_means_vars'...
INFO [2019-08-12 13:30:46] Iteration 1 out of 10 internal iterations...
DEBUG [2019-08-12 13:30:46] Calculate W_norms and related quantities
DEBUG [2019-08-12 13:30:46] Estimate mus, deltas, gammas.
INFO [2019-08-12 13:32:35] Starting tca...
INFO [2019-08-12 13:32:35] Validating input...
DEBUG [2019-08-12 13:32:35] Validating input types...
DEBUG [2019-08-12 13:32:35] Validating input stucture and values...
DEBUG [2019-08-12 13:32:35] Validating input conditions...
DEBUG [2019-08-12 13:32:35] Validating matrix dimensions...
DEBUG [2019-08-12 13:32:35] Validating the order of observations across matrices...
DEBUG [2019-08-12 13:32:35] Validating that W is non-negative and each row sums up to 1...
INFO [2019-08-12 13:32:35] Fitting the TCA model...
DEBUG [2019-08-12 13:32:35] Starting function 'tca.fit'...
INFO [2019-08-12 13:32:35] Fitting means and variances...
DEBUG [2019-08-12 13:32:35] Starting function 'tca.fit_means_vars'...
INFO [2019-08-12 13:32:35] Iteration 1 out of 10 internal iterations...
DEBUG [2019-08-12 13:32:35] Calculate W_norms and related quantities
DEBUG [2019-08-12 13:32:35] Estimate mus, deltas, gammas.
INFO [2019-08-12 13:36:34] Starting tca...
INFO [2019-08-12 13:36:34] Validating input...
DEBUG [2019-08-12 13:36:34] Validating input types...
DEBUG [2019-08-12 13:36:34] Validating input stucture and values...
DEBUG [2019-08-12 13:36:34] Validating input conditions...
DEBUG [2019-08-12 13:36:34] Validating matrix dimensions...
DEBUG [2019-08-12 13:36:34] Validating the order of observations across matrices...
DEBUG [2019-08-12 13:36:34] Validating that W is non-negative and each row sums up to 1...
INFO [2019-08-12 13:36:34] Fitting the TCA model...
DEBUG [2019-08-12 13:36:34] Starting function 'tca.fit'...
INFO [2019-08-12 13:36:34] Fitting means and variances...
DEBUG [2019-08-12 13:36:34] Starting function 'tca.fit_means_vars'...
INFO [2019-08-12 13:36:34] Iteration 1 out of 10 internal iterations...
DEBUG [2019-08-12 13:36:34] Calculate W_norms and related quantities
DEBUG [2019-08-12 13:36:34] Estimate mus, deltas, gammas.
DEBUG [2019-08-12 13:36:35] Get initial estimates of sigmas
DEBUG [2019-08-12 13:36:35] Estimate sigmas.
DEBUG [2019-08-12 13:36:35] Estimate tau.
DEBUG [2019-08-12 13:36:36] Test for convergence.
DEBUG [2019-08-12 13:36:36] ll_new=-3992.482506718, ll_prev=-Inf, ll_diff=Inf, diff_threshold=3.992482506718
INFO [2019-08-12 13:36:36] Iteration 2 out of 10 internal iterations...
DEBUG [2019-08-12 13:36:36] Calculate W_norms and related quantities
DEBUG [2019-08-12 13:36:36] Calculate W_norms
DEBUG [2019-08-12 13:36:36] Estimate mus, deltas, gammas.
DEBUG [2019-08-12 13:36:37] Estimate sigmas.
DEBUG [2019-08-12 13:36:37] Estimate tau.
DEBUG [2019-08-12 13:36:37] Test for convergence.
DEBUG [2019-08-12 13:36:37] ll_new=-3991.57306044937, ll_prev=-3992.482506718, ll_diff=0.909446268628017, diff_threshold=3.99157306044937
INFO [2019-08-12 13:36:37] Internal loop converged.
DEBUG [2019-08-12 13:36:37] break
INFO [2019-08-12 13:36:37] Finished tca.
INFO [2019-08-12 13:44:23] Starting tca...
INFO [2019-08-12 13:44:23] Validating input...
DEBUG [2019-08-12 13:44:23] Validating input types...
DEBUG [2019-08-12 13:44:23] Validating input stucture and values...
DEBUG [2019-08-12 13:44:23] Validating input conditions...
DEBUG [2019-08-12 13:44:23] Validating matrix dimensions...
DEBUG [2019-08-12 13:44:23] Validating the order of observations across matrices...
DEBUG [2019-08-12 13:44:23] Validating that W is non-negative and each row sums up to 1...
INFO [2019-08-12 13:44:23] Fitting the TCA model...
DEBUG [2019-08-12 13:44:23] Starting function 'tca.fit'...
INFO [2019-08-12 13:44:23] Fitting means and variances...
DEBUG [2019-08-12 13:44:23] Starting function 'tca.fit_means_vars'...
INFO [2019-08-12 13:44:23] Iteration 1 out of 10 internal iterations...
DEBUG [2019-08-12 13:44:23] Calculate W_norms and related quantities
DEBUG [2019-08-12 13:44:23] Estimate mus, deltas, gammas.
DEBUG [2019-08-12 13:44:25] Get initial estimates of sigmas
DEBUG [2019-08-12 13:44:25] Estimate sigmas.
DEBUG [2019-08-12 13:44:25] Estimate tau.
DEBUG [2019-08-12 13:44:25] Test for convergence.
DEBUG [2019-08-12 13:44:25] ll_new=-3992.482506718, ll_prev=-Inf, ll_diff=Inf, diff_threshold=3.992482506718
INFO [2019-08-12 13:44:25] Iteration 2 out of 10 internal iterations...
DEBUG [2019-08-12 13:44:25] Calculate W_norms and related quantities
DEBUG [2019-08-12 13:44:25] Calculate W_norms
DEBUG [2019-08-12 13:44:25] Estimate mus, deltas, gammas.
DEBUG [2019-08-12 13:44:26] Estimate sigmas.
DEBUG [2019-08-12 13:44:26] Estimate tau.
DEBUG [2019-08-12 13:44:26] Test for convergence.
DEBUG [2019-08-12 13:44:26] ll_new=-3991.57306044937, ll_prev=-3992.482506718, ll_diff=0.909446268628017, diff_threshold=3.99157306044937
INFO [2019-08-12 13:44:26] Internal loop converged.
DEBUG [2019-08-12 13:44:26] break
INFO [2019-08-12 13:44:26] Finished tca.
INFO [2019-08-12 13:44:43] Starting tca...
INFO [2019-08-12 13:44:43] Validating input...
DEBUG [2019-08-12 13:44:43] Validating input types...
DEBUG [2019-08-12 13:44:43] Validating input stucture and values...
INFO [2019-08-12 15:00:54] Starting tca...
INFO [2019-08-12 15:00:54] Validating input...
DEBUG [2019-08-12 15:00:54] Validating input types...
DEBUG [2019-08-12 15:00:54] Validating input stucture and values...
DEBUG [2019-08-12 15:00:54] Validating input conditions...
DEBUG [2019-08-12 15:00:54] Validating matrix dimensions...
DEBUG [2019-08-12 15:00:54] Validating the order of observations across matrices...
DEBUG [2019-08-12 15:00:54] Validating that W is non-negative and each row sums up to 1...
INFO [2019-08-12 15:00:54] Fitting the TCA model...
DEBUG [2019-08-12 15:00:54] Starting function 'tca.fit'...
INFO [2019-08-12 15:00:54] Fitting means and variances...
DEBUG [2019-08-12 15:00:54] Starting function 'tca.fit_means_vars'...
INFO [2019-08-12 15:00:54] Iteration 1 out of 10 internal iterations...
DEBUG [2019-08-12 15:00:54] Calculate W_norms and related quantities
DEBUG [2019-08-12 15:00:54] Estimate mus, deltas, gammas.
DEBUG [2019-08-12 15:00:55] Get initial estimates of sigmas
DEBUG [2019-08-12 15:00:55] Estimate sigmas.
DEBUG [2019-08-12 15:00:56] Estimate tau.
DEBUG [2019-08-12 15:00:56] Test for convergence.
DEBUG [2019-08-12 15:00:56] ll_new=-3992.482506718, ll_prev=-Inf, ll_diff=Inf, diff_threshold=3.992482506718
INFO [2019-08-12 15:00:56] Iteration 2 out of 10 internal iterations...
DEBUG [2019-08-12 15:00:56] Calculate W_norms and related quantities
DEBUG [2019-08-12 15:00:56] Calculate W_norms
DEBUG [2019-08-12 15:00:56] Estimate mus, deltas, gammas.
DEBUG [2019-08-12 15:00:57] Estimate sigmas.
DEBUG [2019-08-12 15:00:57] Estimate tau.
DEBUG [2019-08-12 15:00:57] Test for convergence.
DEBUG [2019-08-12 15:00:57] ll_new=-3991.57306044937, ll_prev=-3992.482506718, ll_diff=0.909446268628017, diff_threshold=3.99157306044937
INFO [2019-08-12 15:00:57] Internal loop converged.
DEBUG [2019-08-12 15:00:57] break
INFO [2019-08-12 15:00:57] Finished tca.
INFO [2019-08-12 15:11:19] Starting tca...
INFO [2019-08-12 15:11:19] Validating input...
